   323    17    0     datakind beginning-row linenumbers
----------------------------------------------------------------
MSCD Version 1.00 Yufeng Chen and Michel A Van Hove
Lawrence Berkeley National Laboratory (LBNL), Berkeley, CA 94720
Copyright (c) Van Hove Group 1997. All rights reserved
--------------------------------------------------------------
 angle-resolved photoemission extended fine structure (ARPEFS)
 experimental data for Fe 2p3/2 from Fe on STO(100)  excited with hv=1810eV
 
 provided by Pancotti et al. (LNLS in 9, June 2010) 
   intial angular momentum (l) = 1
   photon polarization angle (polar,azimuth) = (  30.0,   0.0 ) (deg)
   sample temperature = 300 K
 
   photoemission angular scan curves
     (curve point theta phi weightc weighte//k intensity chiexp)
      14     434       1      14      31     434
       1      31      14.3100      33      1.00000      0.00000
      41.0000      166642.      164758.    0.0114332
      44.0000      165785.      164758.   0.00623518
      47.0000      165359.      164758.   0.00364683
      50.0000      164440.      164758.  -0.00193050
      53.0000      163770.      164758.  -0.00599734
      56.0000      163756.      164758.  -0.00608389
      59.0000      163888.      164758.  -0.00528263
      62.0000      163472.      164758.  -0.00780834
      65.0000      162759.      164758.   -0.0121347
      68.0000      160611.      164758.   -0.0251688
      71.0000      162323.      164758.   -0.0147780
      74.0000      163309.      164758.  -0.00879198
      77.0000      167735.      164758.    0.0180679
      80.0000      168010.      164758.    0.0197382
      83.0000      167935.      164758.    0.0192812
      86.0000      166325.      164758.   0.00950972
      89.0000      166601.      164758.    0.0111889
      92.0000      167190.      164758.    0.0147613
      95.0000      167760.      164758.    0.0182219
      98.0000      167517.      164758.    0.0167482
      101.000      165311.      164758.   0.00335429
      104.000      163194.      164758.  -0.00949535
      107.000      161070.      164758.   -0.0223824
      110.000      161435.      164758.   -0.0201672
      113.000      162803.      164758.   -0.0118643
      116.000      163008.      164758.   -0.0106245
      119.000      163664.      164758.  -0.00664184
      122.000      162790.      164758.   -0.0119466
      125.000      164555.      164758.  -0.00123367
      128.000      166023.      164758.   0.00767900
      131.000      168459.      164758.    0.0224610
       2      31      14.3100      36      1.00000      0.00000
      41.0000      166961.      168351.  -0.00825694
      44.0000      168756.      168351.   0.00241094
      47.0000      170326.      168351.    0.0117335
      50.0000      169314.      168351.   0.00572372
      53.0000      168454.      168351.  0.000611391
      56.0000      167991.      168351.  -0.00213820
      59.0000      168379.      168351.  0.000169348
      62.0000      168725.      168351.   0.00222536
      65.0000      167427.      168351.  -0.00548576
      68.0000      166071.      168351.   -0.0135383
      71.0000      165786.      168351.   -0.0152361
      74.0000      167136.      168351.  -0.00721559
      77.0000      168111.      168351.  -0.00142180
      80.0000      169439.      168351.   0.00646417
      83.0000      169575.      168351.   0.00727555
      86.0000      170235.      168351.    0.0111923
      89.0000      169980.      168351.   0.00968108
      92.0000      169969.      168351.   0.00961101
      95.0000      169720.      168351.   0.00813361
      98.0000      169103.      168351.   0.00447114
      101.000      167260.      168351.  -0.00648039
      104.000      166287.      168351.   -0.0122585
      107.000      167283.      168351.  -0.00634450
      110.000      168639.      168351.   0.00171421
      113.000      168271.      168351. -0.000471458
      116.000      168160.      168351.  -0.00113113
      119.000      168132.      168351.  -0.00130111
      122.000      169019.      168351.   0.00396743
      125.000      166129.      168351.   -0.0131964
      128.000      166842.      168351.  -0.00896036
      131.000      171392.      168351.    0.0180638
       3      31      14.3100      39      1.00000      0.00000
      41.0000      165785.      169683.   -0.0229714
      44.0000      170009.      169683.   0.00192112
      47.0000      172293.      169683.    0.0153796
      50.0000      172642.      169683.    0.0174396
      53.0000      171994.      169683.    0.0136181
      56.0000      170917.      169683.   0.00727225
      59.0000      169606.      169683. -0.000456706
      62.0000      167925.      169683.   -0.0103643
      65.0000      167675.      169683.   -0.0118334
      68.0000      167858.      169683.   -0.0107588
      71.0000      168277.      169683.  -0.00828893
      74.0000      167726.      169683.   -0.0115372
      77.0000      169448.      169683.  -0.00138542
      80.0000      167834.      169683.   -0.0109013
      83.0000      168935.      169683.  -0.00441273
      86.0000      170051.      169683.   0.00216774
      89.0000      173172.      169683.    0.0205583
      92.0000      172654.      169683.    0.0175077
      95.0000      171540.      169683.    0.0109406
      98.0000      170600.      169683.   0.00540114
      101.000      170757.      169683.   0.00632637
      104.000      169653.      169683. -0.000180369
      107.000      167796.      169683.   -0.0111228
      110.000      167881.      169683.   -0.0106188
      113.000      168883.      169683.  -0.00471655
      116.000      170420.      169683.   0.00434209
      119.000      169935.      169683.   0.00148301
      122.000      168239.      169683.  -0.00851076
      125.000      168510.      169683.  -0.00691262
      128.000      169676.      169683. -4.42977e-05
      131.000      171491.      169683.    0.0106562
       4      31      14.3100      42      1.00000      0.00000
      41.0000      175955.      172074.    0.0225575
      44.0000      173015.      172074.   0.00547260
      47.0000      171382.      172074.  -0.00402115
      50.0000      171051.      172074.  -0.00594610
      53.0000      169537.      172074.   -0.0147432
      56.0000      169441.      172074.   -0.0152976
      59.0000      169083.      172074.   -0.0173782
      62.0000      171798.      172074.  -0.00160197
      65.0000      172206.      172074.  0.000767418
      68.0000      172165.      172074.  0.000531851
      71.0000      171231.      172074.  -0.00489800
      74.0000      171850.      172074.  -0.00130290
      77.0000      173378.      172074.   0.00758259
      80.0000      174002.      172074.    0.0112084
      83.0000      174202.      172074.    0.0123695
      86.0000      174305.      172074.    0.0129694
      89.0000      175013.      172074.    0.0170796
      92.0000      174254.      172074.    0.0126728
      95.0000      174009.      172074.    0.0112462
      98.0000      171725.      172074.  -0.00202900
      101.000      170099.      172074.   -0.0114760
      104.000      169549.      172074.   -0.0146715
      107.000      170543.      172074.  -0.00889359
      110.000      171512.      172074.  -0.00326345
      113.000      170947.      172074.  -0.00654884
      116.000      170847.      172074.  -0.00712654
      119.000      171013.      172074.  -0.00616538
      122.000      170523.      172074.  -0.00901266
      125.000      171215.      172074.  -0.00499085
      128.000      172866.      172074.   0.00460725
      131.000      175560.      172074.    0.0202622
       5      31      14.3100      45      1.00000      0.00000
      41.0000      173609.      172674.   0.00541555
      44.0000      174626.      172674.    0.0113078
      47.0000      174029.      172674.   0.00785016
      50.0000      171768.      172674.  -0.00524666
      53.0000      170237.      172674.   -0.0141114
      56.0000      169439.      172674.   -0.0187326
      59.0000      170993.      172674.  -0.00973357
      62.0000      172004.      172674.  -0.00387711
      65.0000      172999.      172674.   0.00188369
      68.0000      172706.      172674.  0.000188760
      71.0000      173835.      172674.   0.00672543
      74.0000      173900.      172674.   0.00710194
      77.0000      173689.      172674.   0.00587851
      80.0000      173075.      172674.   0.00232298
      83.0000      173494.      172674.   0.00474999
      86.0000      173910.      172674.   0.00715897
      89.0000      174104.      172674.   0.00828499
      92.0000      173982.      172674.   0.00757997
      95.0000      172193.      172674.  -0.00278352
      98.0000      170837.      172674.   -0.0106361
      101.000      170977.      172674.  -0.00982446
      104.000      173034.      172674.   0.00208537
      107.000      174225.      172674.   0.00898325
      110.000      173551.      172674.   0.00508082
      113.000      172246.      172674.  -0.00247882
      116.000      170291.      172674.   -0.0137994
      119.000      170285.      172674.   -0.0138350
      122.000      170859.      172674.   -0.0105094
      125.000      173857.      172674.   0.00685127
      128.000      174460.      172674.    0.0103443
      131.000      173671.      172674.   0.00577741
       6      31      14.3100      48      1.00000      0.00000
      41.0000      171841.      170732.   0.00650039
      44.0000      171678.      170732.   0.00554490
      47.0000      171320.      170732.   0.00344496
      50.0000      170599.      170732. -0.000774126
      53.0000      170250.      170732.  -0.00281833
      56.0000      169873.      170732.  -0.00502832
      59.0000      168554.      170732.   -0.0127535
      62.0000      169201.      170732.  -0.00896625
      65.0000      168644.      170732.   -0.0122291
      68.0000      169991.      170732.  -0.00433993
      71.0000      170058.      170732.  -0.00394539
      74.0000      172160.      170732.   0.00836815
      77.0000      172097.      170732.   0.00800018
      80.0000      171579.      170732.   0.00496342
      83.0000      171162.      170732.   0.00251998
      86.0000      172914.      170732.    0.0127810
      89.0000      173948.      170732.    0.0188406
      92.0000      172993.      170732.    0.0132486
      95.0000      171300.      170732.   0.00333195
      98.0000      170189.      170732.  -0.00318024
      101.000      169816.      170732.  -0.00536040
      104.000      168293.      170732.   -0.0142844
      107.000      169142.      170732.  -0.00930923
      110.000      169980.      170732.  -0.00440035
      113.000      170891.      170732.  0.000934153
      116.000      169795.      170732.  -0.00548524
      119.000      168944.      170732.   -0.0104722
      122.000      169476.      170732.  -0.00735600
      125.000      172077.      170732.   0.00788040
      128.000      172778.      170732.    0.0119863
      131.000      171136.      170732.   0.00237044
       7      31      14.3100      51      1.00000      0.00000
      41.0000      170120.      169287.   0.00492290
      44.0000      170192.      169287.   0.00534969
      47.0000      170382.      169287.   0.00646738
      50.0000      169588.      169287.   0.00178173
      53.0000      168537.      169287.  -0.00443196
      56.0000      167675.      169287.  -0.00952424
      59.0000      168371.      169287.  -0.00541190
      62.0000      168163.      169287.  -0.00663813
      65.0000      167418.      169287.   -0.0110398
      68.0000      168036.      169287.  -0.00738789
      71.0000      167836.      169287.  -0.00856813
      74.0000      168676.      169287.  -0.00360665
      77.0000      168677.      169287.  -0.00360339
      80.0000      171249.      169287.    0.0115902
      83.0000      172290.      169287.    0.0177388
      86.0000      172686.      169287.    0.0200813
      89.0000      172075.      169287.    0.0164715
      92.0000      172614.      169287.    0.0196516
      95.0000      170107.      169287.   0.00484623
      98.0000      168568.      169287.  -0.00424651
      101.000      166101.      169287.   -0.0188176
      104.000      167140.      169287.   -0.0126846
      107.000      167192.      169287.   -0.0123759
      110.000      168738.      169287.  -0.00324073
      113.000      169003.      169287.  -0.00167542
      116.000      169415.      169287.  0.000756062
      119.000      168661.      169287.  -0.00369473
      122.000      168440.      169287.  -0.00500503
      125.000      168426.      169287.  -0.00508637
      128.000      169687.      169287.   0.00236101
      131.000      171832.      169287.    0.0150336
       8      31      14.3100      54      1.00000      0.00000
      41.0000      165176.      164443.   0.00445746
      44.0000      164933.      164443.   0.00297975
      47.0000      164384.      164443. -0.000358772
      50.0000      164019.      164443.  -0.00257502
      53.0000      164144.      164443.  -0.00181593
      56.0000      164436.      164443. -4.05674e-05
      59.0000      164266.      164443.  -0.00107754
      62.0000      163696.      164443.  -0.00453924
      65.0000      163453.      164443.  -0.00601982
      68.0000      164311.      164443. -0.000800059
      71.0000      163714.      164443.  -0.00443234
      74.0000      163704.      164443.  -0.00449016
      77.0000      163932.      164443.  -0.00310885
      80.0000      164758.      164443.   0.00191383
      83.0000      166532.      164443.    0.0127031
      86.0000      166266.      164443.    0.0110841
      89.0000      166744.      164443.    0.0139949
      92.0000      165212.      164443.   0.00467611
      95.0000      164645.      164443.   0.00123119
      98.0000      164409.      164443. -0.000205167
      101.000      163852.      164443.  -0.00359419
      104.000      162891.      164443.  -0.00943878
      107.000      162323.      164443.   -0.0128910
      110.000      162983.      164443.  -0.00887465
      113.000      164024.      164443.  -0.00254878
      116.000      165556.      164443.   0.00676940
      119.000      164695.      164443.   0.00153166
      122.000      164949.      164443.   0.00307784
      125.000      164036.      164443.  -0.00247239
      128.000      164944.      164443.   0.00304486
      131.000      164752.      164443.   0.00187746
       9      31      14.3100      57      1.00000      0.00000
      41.0000      165532.      163325.    0.0135112
      44.0000      165237.      163325.    0.0117086
      47.0000      163528.      163325.   0.00124510
      50.0000      161509.      163325.   -0.0111173
      53.0000      160270.      163325.   -0.0187025
      56.0000      161878.      163325.  -0.00885961
      59.0000      163595.      163325.   0.00165076
      62.0000      163557.      163325.   0.00142246
      65.0000      162848.      163325.  -0.00291830
      68.0000      163262.      163325. -0.000385580
      71.0000      164313.      163325.   0.00604642
      74.0000      161648.      163325.   -0.0102676
      77.0000      160652.      163325.   -0.0163671
      80.0000      160288.      163325.   -0.0185976
      83.0000      163674.      163325.   0.00213440
      86.0000      167815.      163325.    0.0274884
      89.0000      167867.      163325.    0.0278074
      92.0000      167599.      163325.    0.0261667
      95.0000      163698.      163325.   0.00228499
      98.0000      163228.      163325. -0.000596452
      101.000      163275.      163325. -0.000306876
      104.000      165049.      163325.    0.0105579
      107.000      164613.      163325.   0.00788273
      110.000      162694.      163325.  -0.00386668
      113.000      159005.      163325.   -0.0264506
      116.000      158551.      163325.   -0.0292279
      119.000      158716.      163325.   -0.0282180
      122.000      162196.      163325.  -0.00691626
      125.000      163954.      163325.   0.00384877
      128.000      166445.      163325.    0.0191029
      131.000      166653.      163325.    0.0203759
      10      31      14.3100      60      1.00000      0.00000
      41.0000      157542.      155808.    0.0111285
      44.0000      156210.      155808.   0.00258344
      47.0000      155659.      155808. -0.000954014
      50.0000      154361.      155808.  -0.00928520
      53.0000      154317.      155808.  -0.00956723
      56.0000      154157.      155808.   -0.0105914
      59.0000      156457.      155808.   0.00416630
      62.0000      156963.      155808.   0.00741733
      65.0000      157882.      155808.    0.0133109
      68.0000      156608.      155808.   0.00513788
      71.0000      155198.      155808.  -0.00391142
      74.0000      153693.      155808.   -0.0135692
      77.0000      152756.      155808.   -0.0195883
      80.0000      153953.      155808.   -0.0119013
      83.0000      154994.      155808.  -0.00522144
      86.0000      158488.      155808.    0.0172020
      89.0000      158843.      155808.    0.0194824
      92.0000      159703.      155808.    0.0250025
      95.0000      157480.      155808.    0.0107315
      98.0000      154872.      155808.  -0.00600521
      101.000      154546.      155808.  -0.00809420
      104.000      155771.      155808. -0.000236838
      107.000      157048.      155808.   0.00796056
      110.000      155506.      155808.  -0.00193616
      113.000      154364.      155808.  -0.00926247
      116.000      153149.      155808.   -0.0170634
      119.000      154041.      155808.   -0.0113391
      122.000      154233.      155808.   -0.0101066
      125.000      156598.      155808.   0.00507423
      128.000      156992.      155808.   0.00760291
      131.000      157674.      155808.    0.0119810
      11      31      14.3100      63      1.00000      0.00000
      41.0000      144151.      144360.  -0.00145189
      44.0000      145031.      144360.   0.00464450
      47.0000      144986.      144360.   0.00433138
      50.0000      145608.      144360.   0.00864222
      53.0000      145339.      144360.   0.00678110
      56.0000      144521.      144360.   0.00111268
      59.0000      143154.      144360.  -0.00835599
      62.0000      142829.      144360.   -0.0106097
      65.0000      142490.      144360.   -0.0129585
      68.0000      142850.      144360.   -0.0104643
      71.0000      141909.      144360.   -0.0169818
      74.0000      142418.      144360.   -0.0134555
      77.0000      142673.      144360.   -0.0116869
      80.0000      145143.      144360.   0.00542438
      83.0000      147728.      144360.    0.0233258
      86.0000      148252.      144360.    0.0269609
      89.0000      147718.      144360.    0.0232620
      92.0000      146506.      144360.    0.0148648
      95.0000      146349.      144360.    0.0137766
      98.0000      144898.      144360.   0.00372532
      101.000      143833.      144360.  -0.00365022
      104.000      142618.      144360.   -0.0120678
      107.000      142045.      144360.   -0.0160372
      110.000      143147.      144360.  -0.00840505
      113.000      143009.      144360.  -0.00935887
      116.000      143233.      144360.  -0.00780879
      119.000      141629.      144360.   -0.0189226
      122.000      142970.      144360.  -0.00963406
      125.000      145888.      144360.    0.0105808
      128.000      147092.      144360.    0.0189217
      131.000      145179.      144360.   0.00566977
      12      31      14.3100      66      1.00000      0.00000
      41.0000      133708.      133089.   0.00465495
      44.0000      132851.      133089.  -0.00178959
      47.0000      133359.      133089.   0.00203116
      50.0000      133543.      133089.   0.00341054
      53.0000      133492.      133089.   0.00302558
      56.0000      132419.      133089.  -0.00503115
      59.0000      132716.      133089.  -0.00279903
      62.0000      132893.      133089.  -0.00147537
      65.0000      133524.      133089.   0.00326664
      68.0000      132953.      133089.  -0.00101856
      71.0000      131724.      133089.   -0.0102540
      74.0000      131515.      133089.   -0.0118228
      77.0000      131033.      133089.   -0.0154458
      80.0000      132117.      133089.  -0.00730076
      83.0000      132447.      133089.  -0.00482418
      86.0000      134232.      133089.   0.00858985
      89.0000      135443.      133089.    0.0176859
      92.0000      136403.      133089.    0.0248989
      95.0000      136467.      133089.    0.0253832
      98.0000      134994.      133089.    0.0143169
      101.000      133421.      133089.   0.00249275
      104.000      132949.      133089.  -0.00104876
      107.000      132161.      133089.  -0.00697543
      110.000      131799.      133089.  -0.00969236
      113.000      129294.      133089.   -0.0285124
      116.000      130529.      133089.   -0.0192347
      119.000      131551.      133089.   -0.0115588
      122.000      133861.      133089.   0.00580447
      125.000      133649.      133089.   0.00420990
      128.000      133808.      133089.   0.00540511
      131.000      134911.      133089.    0.0136884
      13      31      14.3100      69      1.00000      0.00000
      41.0000      118230.      118970.  -0.00621968
      44.0000      118278.      118970.  -0.00582073
      47.0000      118632.      118970.  -0.00283920
      50.0000      119652.      118970.   0.00573282
      53.0000      120777.      118970.    0.0151903
      56.0000      120813.      118970.    0.0154908
      59.0000      119767.      118970.   0.00669363
      62.0000      118565.      118970.  -0.00340646
      65.0000      117896.      118970.  -0.00902857
      68.0000      118187.      118970.  -0.00657980
      71.0000      117940.      118970.  -0.00865539
      74.0000      118263.      118970.  -0.00594157
      77.0000      117477.      118970.   -0.0125546
      80.0000      117424.      118970.   -0.0129986
      83.0000      117699.      118970.   -0.0106816
      86.0000      120196.      118970.    0.0103004
      89.0000      121472.      118970.    0.0210256
      92.0000      121679.      118970.    0.0227729
      95.0000      120077.      118970.   0.00930056
      98.0000      119252.      118970.   0.00236919
      101.000      118768.      118970.  -0.00170133
      104.000      117357.      118970.   -0.0135633
      107.000      117903.      118970.  -0.00896793
      110.000      118116.      118970.  -0.00718381
      113.000      119706.      118970.   0.00618679
      116.000      119093.      118970.   0.00103522
      119.000      118993.      118970.  0.000193146
      122.000      118481.      118970.  -0.00411037
      125.000      119063.      118970.  0.000784143
      128.000      119201.      118970.   0.00194108
      131.000      119117.      118970.   0.00123070
      14      31      14.3100      72      1.00000      0.00000
      41.0000      101922.      102370.  -0.00437867
      44.0000      101873.      102370.  -0.00485634
      47.0000      102202.      102370.  -0.00164314
      50.0000      102881.      102370.   0.00499202
      53.0000      103254.      102370.   0.00863447
      56.0000      103198.      102370.   0.00808290
      59.0000      102897.      102370.   0.00514550
      62.0000      102039.      102370.  -0.00323292
      65.0000      102035.      102370.  -0.00327904
      68.0000      102149.      102370.  -0.00216065
      71.0000      102305.      102370. -0.000641885
      74.0000      102075.      102370.  -0.00288781
      77.0000      102271.      102370. -0.000965742
      80.0000      101224.      102370.   -0.0112006
      83.0000      101146.      102370.   -0.0119628
      86.0000      101410.      102370.  -0.00937673
      89.0000      103704.      102370.    0.0130314
      92.0000      103872.      102370.    0.0146660
      95.0000      104249.      102370.    0.0183508
      98.0000      102220.      102370.  -0.00146700
      101.000      101755.      102370.  -0.00601142
      104.000      101167.      102370.   -0.0117519
      107.000      102266.      102370.  -0.00101988
      110.000      102649.      102370.   0.00272690
      113.000      102413.      102370.  0.000420945
      116.000      102443.      102370.  0.000708091
      119.000      102344.      102370. -0.000260830
      122.000      102546.      102370.   0.00171633
      125.000      102343.      102370. -0.000271729
      128.000      102487.      102370.   0.00113509
      131.000      102140.      102370.  -0.00225487
